Flow report for TOP_SCOMP
Tue Mar 14 01:53:39 2017
Quartus II Version 9.1 Build 350 03/24/2010 Service Pack 2 SJ Web Edition


---------------------
; Table of Contents ;
---------------------
  1. Legal Notice
  2. Flow Summary
  3. Flow Settings
  4. Flow Non-Default Global Settings
  5. Flow Elapsed Time
  6. Flow OS Summary
  7. Flow Log



----------------
; Legal Notice ;
----------------
Copyright (C) 1991-2010 Altera Corporation
Your use of Altera Corporation's design tools, logic functions 
and other software and tools, and its AMPP partner logic 
functions, and any output files from any of the foregoing 
(including device programming or simulation files), and any 
associated documentation or information are expressly subject 
to the terms and conditions of the Altera Program License 
Subscription Agreement, Altera MegaCore Function License 
Agreement, or other applicable license agreement, including, 
without limitation, that your use is for the sole purpose of 
programming logic devices manufactured by Altera and sold by 
Altera or its authorized distributors.  Please refer to the 
applicable agreement for further details.



+-----------------------------------------------------------------------------------+
; Flow Summary                                                                      ;
+------------------------------------+----------------------------------------------+
; Flow Status                        ; Successful - Tue Mar 14 01:53:39 2017        ;
; Quartus II Version                 ; 9.1 Build 350 03/24/2010 SP 2 SJ Web Edition ;
; Revision Name                      ; TOP_SCOMP                                    ;
; Top-level Entity Name              ; TOP_SCOMP                                    ;
; Family                             ; Cyclone II                                   ;
; Device                             ; EP2C35F672C6                                 ;
; Timing Models                      ; Final                                        ;
; Met timing requirements            ; Yes                                          ;
; Total logic elements               ; 345 / 33,216 ( 1 % )                         ;
;     Total combinational functions  ; 342 / 33,216 ( 1 % )                         ;
;     Dedicated logic registers      ; 76 / 33,216 ( < 1 % )                        ;
; Total registers                    ; 76                                           ;
; Total pins                         ; 55 / 475 ( 12 % )                            ;
; Total virtual pins                 ; 0                                            ;
; Total memory bits                  ; 16,384 / 483,840 ( 3 % )                     ;
; Embedded Multiplier 9-bit elements ; 0 / 70 ( 0 % )                               ;
; Total PLLs                         ; 1 / 4 ( 25 % )                               ;
+------------------------------------+----------------------------------------------+


+-----------------------------------------+
; Flow Settings                           ;
+-------------------+---------------------+
; Option            ; Setting             ;
+-------------------+---------------------+
; Start date & time ; 03/14/2017 01:52:57 ;
; Main task         ; Compilation         ;
; Revision Name     ; TOP_SCOMP           ;
+-------------------+---------------------+


+--------------------------------------------------------------------------------------------------------------------------+
; Flow Non-Default Global Settings                                                                                         ;
+------------------------------------+--------------------------------------+---------------+-------------+----------------+
; Assignment Name                    ; Value                                ; Default Value ; Entity Name ; Section Id     ;
+------------------------------------+--------------------------------------+---------------+-------------+----------------+
; COMPILER_SIGNATURE_ID              ; 17833057224943992832.148947077705067 ; --            ; --          ; --             ;
; IP_TOOL_NAME                       ; LPM_CLSHIFT                          ; --            ; --          ; --             ;
; IP_TOOL_VERSION                    ; 9.1                                  ; --            ; --          ; --             ;
; MAX_CORE_JUNCTION_TEMP             ; 85                                   ; --            ; --          ; --             ;
; MIN_CORE_JUNCTION_TEMP             ; 0                                    ; --            ; --          ; --             ;
; MISC_FILE                          ; E:/Lab 7/TOP_SCOMP.dpf               ; --            ; --          ; --             ;
; MISC_FILE                          ; shifter_inst.vhd                     ; --            ; --          ; --             ;
; MISC_FILE                          ; shifter.cmp                          ; --            ; --          ; --             ;
; PARTITION_COLOR                    ; 16764057                             ; --            ; --          ; Top            ;
; PARTITION_NETLIST_TYPE             ; SOURCE                               ; --            ; --          ; Top            ;
; USE_GENERATED_PHYSICAL_CONSTRAINTS ; Off                                  ; --            ; --          ; eda_blast_fpga ;
+------------------------------------+--------------------------------------+---------------+-------------+----------------+


+-----------------------------------------------------------------------------------------------------------------------------+
; Flow Elapsed Time                                                                                                           ;
+-------------------------+--------------+-------------------------+---------------------+------------------------------------+
; Module Name             ; Elapsed Time ; Average Processors Used ; Peak Virtual Memory ; Total CPU Time (on all processors) ;
+-------------------------+--------------+-------------------------+---------------------+------------------------------------+
; Analysis & Synthesis    ; 00:00:08     ; 1.0                     ; --                  ; 00:00:08                           ;
; Fitter                  ; 00:00:21     ; 1.0                     ; --                  ; 00:00:21                           ;
; Assembler               ; 00:00:07     ; 1.0                     ; --                  ; 00:00:06                           ;
; Classic Timing Analyzer ; 00:00:01     ; 1.0                     ; --                  ; 00:00:01                           ;
; Total                   ; 00:00:37     ; --                      ; --                  ; 00:00:36                           ;
+-------------------------+--------------+-------------------------+---------------------+------------------------------------+


+-------------------------------------------------------------------------------------------+
; Flow OS Summary                                                                           ;
+-------------------------+------------------+----------------+------------+----------------+
; Module Name             ; Machine Hostname ; OS Name        ; OS Version ; Processor type ;
+-------------------------+------------------+----------------+------------+----------------+
; Analysis & Synthesis    ; budanov          ; Ubuntu 16.04.1 ; 16         ; x86_64         ;
; Fitter                  ; budanov          ; Ubuntu 16.04.1 ; 16         ; x86_64         ;
; Assembler               ; budanov          ; Ubuntu 16.04.1 ; 16         ; x86_64         ;
; Classic Timing Analyzer ; budanov          ; Ubuntu 16.04.1 ; 16         ; x86_64         ;
+-------------------------+------------------+----------------+------------+----------------+


------------
; Flow Log ;
------------
quartus_map --read_settings_files=on --write_settings_files=off TOP_SCOMP -c TOP_SCOMP
quartus_fit --read_settings_files=off --write_settings_files=off TOP_SCOMP -c TOP_SCOMP
quartus_asm --read_settings_files=off --write_settings_files=off TOP_SCOMP -c TOP_SCOMP
quartus_tan --read_settings_files=off --write_settings_files=off TOP_SCOMP -c TOP_SCOMP --timing_analysis_only



